Build started 25/08/2015 01:55:58 p. m..
     1>Project "C:\Users\Arturo\Documents\Visual Studio 2015\Projects\quack\quack\quack.vcxproj" on node 2 (Build target(s)).
     1>ClCompile:
         C:\Program Files (x86)\Microsoft Visual Studio 14.0\VC\bin\x86_amd64\CL.exe /c /I"C:\Users\Arturo\Documents\Visual Studio 2015\Projects\quack\quack\include" /ZI /nologo /W3 /WX- /Od /D _DEBUG /D _CONSOLE /D _UNICODE /D UNICODE /Gm /EHsc /RTC1 /MDd /GS /fp:precise /Zc:wchar_t /Zc:forScope /Zc:inline /Fo"x64\Debug\\" /Fd"x64\Debug\vc140.pdb" /Gd /TP /errorReport:prompt main.cpp
         main.cpp
       Link:
         C:\Program Files (x86)\Microsoft Visual Studio 14.0\VC\bin\x86_amd64\link.exe /ERRORREPORT:PROMPT /OUT:"C:\Users\Arturo\Documents\Visual Studio 2015\Projects\quack\x64\Debug\quack.exe" /INCREMENTAL /NOLOGO /LIBPATH:"C:\Users\Arturo\Documents\Visual Studio 2015\Projects\quack\quack\lib" audiere.lib kernel32.lib user32.lib gdi32.lib winspool.lib comdlg32.lib advapi32.lib shell32.lib ole32.lib oleaut32.lib uuid.lib odbc32.lib odbccp32.lib kernel32.lib user32.lib gdi32.lib winspool.lib comdlg32.lib advapi32.lib shell32.lib ole32.lib oleaut32.lib uuid.lib odbc32.lib odbccp32.lib /MANIFEST /MANIFESTUAC:"level='asInvoker' uiAccess='false'" /manifest:embed /Debug /PDB:"C:\Users\Arturo\Documents\Visual Studio 2015\Projects\quack\x64\Debug\quack.pdb" /SUBSYSTEM:CONSOLE /TLBID:1 /DYNAMICBASE /NXCOMPAT /IMPLIB:"C:\Users\Arturo\Documents\Visual Studio 2015\Projects\quack\x64\Debug\quack.lib" /MACHINE:X64 x64\Debug\main.obj
     1>main.obj : error LNK2019: unresolved external symbol AdrCreateContext referenced in function "void __cdecl `dynamic initializer for 'context''(void)" (??__Econtext@@YAXXZ)
     1>C:\Users\Arturo\Documents\Visual Studio 2015\Projects\quack\quack\lib\audiere.lib : warning LNK4272: library machine type 'X86' conflicts with target machine type 'x64'
     1>C:\Users\Arturo\Documents\Visual Studio 2015\Projects\quack\x64\Debug\quack.exe : fatal error LNK1120: 1 unresolved externals
     1>Done Building Project "C:\Users\Arturo\Documents\Visual Studio 2015\Projects\quack\quack\quack.vcxproj" (Build target(s)) -- FAILED.

Build FAILED.

Time Elapsed 00:00:00.80
